<?xml version="1.0" encoding="UTF-8"?>
<!-- Generated by org.testng.reporters.JUnitReportReporter -->
<testsuite hostname="kkkkkkkk" failures="0" tests="1" name="evasel.InteractionTests" time="29.738" errors="0" timestamp="2025-09-20T16:12:45 IST" skipped="0">
  <testcase classname="evasel.InteractionTests" name="test2" time="29.738"/>
</testsuite> <!-- evasel.InteractionTests -->
