<?xml version="1.0" encoding="UTF-8"?>
<!-- Generated by org.testng.reporters.JUnitReportReporter -->
<testsuite hostname="kkkkkkkk" failures="0" tests="2" name="evasel.FormTests" time="44.750" errors="0" timestamp="2025-09-20T16:14:30 IST" skipped="0">
  <testcase classname="evasel.FormTests" name="test2" time="11.503"/>
  <testcase classname="evasel.FormTests" name="test1" time="33.247"/>
</testsuite> <!-- evasel.FormTests -->
